<?xml version="1.0" encoding="UTF-8"?>
<testng-results ignored="0" total="1" passed="1" failed="0" skipped="0">
  <reporter-output>
  </reporter-output>
  <suite started-at="2024-10-22T23:26:36 IST" name="Surefire suite" finished-at="2024-10-22T23:26:41 IST" duration-ms="4725">
    <groups>
    </groups>
    <test started-at="2024-10-22T23:26:36 IST" name="Surefire test" finished-at="2024-10-22T23:26:41 IST" duration-ms="4725">
      <class name="AutomationTesting.Demo.AppTest">
        <test-method is-config="true" signature="launchDriver()[pri:0, instance:AutomationTesting.Demo.AppTest@1f97cf0d]" started-at="2024-10-22T23:26:36 IST" name="launchDriver" finished-at="2024-10-22T23:26:39 IST" duration-ms="3222" status="PASS">
          <reporter-output>
          </reporter-output>
        </test-method> <!-- launchDriver -->
        <test-method signature="test1()[pri:0, instance:AutomationTesting.Demo.AppTest@1f97cf0d]" started-at="2024-10-22T23:26:39 IST" name="test1" finished-at="2024-10-22T23:26:41 IST" duration-ms="1451" status="PASS">
          <reporter-output>
          </reporter-output>
        </test-method> <!-- test1 -->
      </class> <!-- AutomationTesting.Demo.AppTest -->
    </test> <!-- Surefire test -->
  </suite> <!-- Surefire suite -->
</testng-results>
