<?xml version="1.0" encoding="UTF-8"?>
<testng-results ignored="0" total="1" passed="1" failed="0" skipped="0">
  <reporter-output>
  </reporter-output>
  <suite started-at="2024-10-22T23:27:10 IST" name="Default suite" finished-at="2024-10-22T23:27:14 IST" duration-ms="4019">
    <groups>
    </groups>
    <test started-at="2024-10-22T23:27:10 IST" name="Default test" finished-at="2024-10-22T23:27:14 IST" duration-ms="4019">
      <class name="AutomationTesting.Demo.AppTest">
        <test-method is-config="true" signature="launchDriver()[pri:0, instance:AutomationTesting.Demo.AppTest@4f80542f]" started-at="2024-10-22T23:27:10 IST" name="launchDriver" finished-at="2024-10-22T23:27:12 IST" duration-ms="2673" status="PASS">
          <reporter-output>
          </reporter-output>
        </test-method> <!-- launchDriver -->
        <test-method signature="test1()[pri:0, instance:AutomationTesting.Demo.AppTest@4f80542f]" started-at="2024-10-22T23:27:12 IST" name="test1" finished-at="2024-10-22T23:27:14 IST" duration-ms="1287" status="PASS">
          <reporter-output>
          </reporter-output>
        </test-method> <!-- test1 -->
      </class> <!-- AutomationTesting.Demo.AppTest -->
    </test> <!-- Default test -->
  </suite> <!-- Default suite -->
</testng-results>
